{"C:\\Programming\\Web Development\\Projects\\pigment-js\\src\\index.ts": {"path":"C:\\Programming\\Web Development\\Projects\\pigment-js\\src\\index.ts","statementMap":{"0":{"start":{"line":16,"column":18},"end":{"line":23,"column":1}}},"fnMap":{},"branchMap":{},"s":{"0":1},"f":{},"b":{},"_coverageSchema":"1a1c01bbd47fc00a2c39e90264f33305004495a9","hash":"5fe1d874ac01c243750ab8087f3b6cd14b8e0668"}
,"C:\\Programming\\Web Development\\Projects\\pigment-js\\src\\lib\\detectFormat.ts": {"path":"C:\\Programming\\Web Development\\Projects\\pigment-js\\src\\lib\\detectFormat.ts","statementMap":{"0":{"start":{"line":4,"column":18},"end":{"line":4,"column":51}},"1":{"start":{"line":5,"column":16},"end":{"line":9,"column":29}},"2":{"start":{"line":11,"column":2},"end":{"line":15,"column":3}},"3":{"start":{"line":12,"column":4},"end":{"line":14,"column":5}},"4":{"start":{"line":13,"column":6},"end":{"line":13,"column":30}},"5":{"start":{"line":16,"column":2},"end":{"line":16,"column":14}}},"fnMap":{"0":{"name":"detectFormat","decl":{"start":{"line":3,"column":16},"end":{"line":3,"column":28}},"loc":{"start":{"line":3,"column":64},"end":{"line":17,"column":1}},"line":3}},"branchMap":{"0":{"loc":{"start":{"line":12,"column":4},"end":{"line":14,"column":5}},"type":"if","locations":[{"start":{"line":12,"column":4},"end":{"line":14,"column":5}},{"start":{},"end":{}}],"line":12}},"s":{"0":25,"1":25,"2":25,"3":60,"4":15,"5":10},"f":{"0":25},"b":{"0":[15,45]},"_coverageSchema":"1a1c01bbd47fc00a2c39e90264f33305004495a9","hash":"eff0fa860876c8d37d8a821dbb036d63feeab7cf"}
,"C:\\Programming\\Web Development\\Projects\\pigment-js\\src\\utils\\basic\\blendColors.ts": {"path":"C:\\Programming\\Web Development\\Projects\\pigment-js\\src\\utils\\basic\\blendColors.ts","statementMap":{"0":{"start":{"line":2,"column":2},"end":{"line":2,"column":29}}},"fnMap":{"0":{"name":"blendColors","decl":{"start":{"line":1,"column":16},"end":{"line":1,"column":27}},"loc":{"start":{"line":1,"column":30},"end":{"line":3,"column":1}},"line":1}},"branchMap":{},"s":{"0":0},"f":{"0":0},"b":{},"_coverageSchema":"1a1c01bbd47fc00a2c39e90264f33305004495a9","hash":"411f262d729e019ea183582520b5f4397e210a84"}
,"C:\\Programming\\Web Development\\Projects\\pigment-js\\src\\utils\\basic\\convertColor.ts": {"path":"C:\\Programming\\Web Development\\Projects\\pigment-js\\src\\utils\\basic\\convertColor.ts","statementMap":{"0":{"start":{"line":2,"column":2},"end":{"line":2,"column":12}}},"fnMap":{"0":{"name":"convertColor","decl":{"start":{"line":1,"column":16},"end":{"line":1,"column":28}},"loc":{"start":{"line":1,"column":61},"end":{"line":3,"column":1}},"line":1}},"branchMap":{},"s":{"0":90},"f":{"0":90},"b":{},"_coverageSchema":"1a1c01bbd47fc00a2c39e90264f33305004495a9","hash":"4eed738a09346a5e3f760514b4f813db3ccd7dba"}
,"C:\\Programming\\Web Development\\Projects\\pigment-js\\src\\utils\\basic\\lightenDarken.ts": {"path":"C:\\Programming\\Web Development\\Projects\\pigment-js\\src\\utils\\basic\\lightenDarken.ts","statementMap":{"0":{"start":{"line":2,"column":2},"end":{"line":2,"column":30}},"1":{"start":{"line":6,"column":2},"end":{"line":6,"column":29}}},"fnMap":{"0":{"name":"lightenColor","decl":{"start":{"line":1,"column":16},"end":{"line":1,"column":28}},"loc":{"start":{"line":1,"column":31},"end":{"line":3,"column":1}},"line":1},"1":{"name":"darkenColor","decl":{"start":{"line":5,"column":16},"end":{"line":5,"column":27}},"loc":{"start":{"line":5,"column":30},"end":{"line":7,"column":1}},"line":5}},"branchMap":{},"s":{"0":0,"1":0},"f":{"0":0,"1":0},"b":{},"_coverageSchema":"1a1c01bbd47fc00a2c39e90264f33305004495a9","hash":"f7506ae857d0a117e76c9a7946c8655179baab32"}
,"C:\\Programming\\Web Development\\Projects\\pigment-js\\src\\utils\\basic\\opacity.ts": {"path":"C:\\Programming\\Web Development\\Projects\\pigment-js\\src\\utils\\basic\\opacity.ts","statementMap":{"0":{"start":{"line":2,"column":2},"end":{"line":2,"column":28}}},"fnMap":{"0":{"name":"setOpacity","decl":{"start":{"line":1,"column":16},"end":{"line":1,"column":26}},"loc":{"start":{"line":1,"column":29},"end":{"line":3,"column":1}},"line":1}},"branchMap":{},"s":{"0":0},"f":{"0":0},"b":{},"_coverageSchema":"1a1c01bbd47fc00a2c39e90264f33305004495a9","hash":"d99b26f025c194cd4d693de728fa0b058b9df18a"}
,"C:\\Programming\\Web Development\\Projects\\pigment-js\\src\\utils\\basic\\randomColor.ts": {"path":"C:\\Programming\\Web Development\\Projects\\pigment-js\\src\\utils\\basic\\randomColor.ts","statementMap":{"0":{"start":{"line":2,"column":2},"end":{"line":2,"column":28}}},"fnMap":{"0":{"name":"randomColor","decl":{"start":{"line":1,"column":16},"end":{"line":1,"column":27}},"loc":{"start":{"line":1,"column":30},"end":{"line":3,"column":1}},"line":1}},"branchMap":{},"s":{"0":0},"f":{"0":0},"b":{},"_coverageSchema":"1a1c01bbd47fc00a2c39e90264f33305004495a9","hash":"aa91fe8ccd4a70fe15088780d98d6191ca95c665"}
}
