TN:
SF:src\index.ts
FNF:0
FNH:0
DA:16,1
LF:1
LH:1
BRF:0
BRH:0
end_of_record
TN:
SF:src\lib\detectFormat.ts
FN:3,detectFormat
FNF:1
FNH:1
FNDA:25,detectFormat
DA:4,25
DA:5,25
DA:11,25
DA:12,60
DA:13,15
DA:16,10
LF:6
LH:6
BRDA:12,0,0,15
BRDA:12,0,1,45
BRF:2
BRH:2
end_of_record
TN:
SF:src\utils\basic\blendColors.ts
FN:1,blendColors
FNF:1
FNH:0
FNDA:0,blendColors
DA:2,0
LF:1
LH:0
BRF:0
BRH:0
end_of_record
TN:
SF:src\utils\basic\convertColor.ts
FN:1,convertColor
FNF:1
FNH:1
FNDA:90,convertColor
DA:2,90
LF:1
LH:1
BRF:0
BRH:0
end_of_record
TN:
SF:src\utils\basic\lightenDarken.ts
FN:1,lightenColor
FN:5,darkenColor
FNF:2
FNH:0
FNDA:0,lightenColor
FNDA:0,darkenColor
DA:2,0
DA:6,0
LF:2
LH:0
BRF:0
BRH:0
end_of_record
TN:
SF:src\utils\basic\opacity.ts
FN:1,setOpacity
FNF:1
FNH:0
FNDA:0,setOpacity
DA:2,0
LF:1
LH:0
BRF:0
BRH:0
end_of_record
TN:
SF:src\utils\basic\randomColor.ts
FN:1,randomColor
FNF:1
FNH:0
FNDA:0,randomColor
DA:2,0
LF:1
LH:0
BRF:0
BRH:0
end_of_record
